
18:33:13.355 [info] Loading 157 CA(s) from :otp store

18:33:13.553 [notice] Application next_ls exited: NextLS.Application.start(:normal, []) returned an error: shutdown: failed to start child: NextLS.LSPSupervisor
    ** (EXIT) shutdown: failed to start child: NextLS
        ** (EXIT) an exception was raised:
            ** (ErlangError) Erlang error: :enoent
                (elixir 1.17.3) lib/system.ex:1114: System.cmd("elixir", ["--short-version"], [])
                (next_ls 0.23.3) lib/next_ls.ex:47: NextLS.init/2
                (gen_lsp 0.10.0) lib/gen_lsp.ex:201: GenLSP.init/1
                (stdlib 6.2) proc_lib.erl:329: :proc_lib.init_p_do_apply/3

18:33:15.503 [info] Loading 157 CA(s) from :otp store

18:33:15.527 [notice] Application next_ls exited: NextLS.Application.start(:normal, []) returned an error: shutdown: failed to start child: NextLS.LSPSupervisor
    ** (EXIT) shutdown: failed to start child: NextLS
        ** (EXIT) an exception was raised:
            ** (ErlangError) Erlang error: :enoent
                (elixir 1.17.3) lib/system.ex:1114: System.cmd("elixir", ["--short-version"], [])
                (next_ls 0.23.3) lib/next_ls.ex:47: NextLS.init/2
                (gen_lsp 0.10.0) lib/gen_lsp.ex:201: GenLSP.init/1
                (stdlib 6.2) proc_lib.erl:329: :proc_lib.init_p_do_apply/3

18:33:17.451 [info] Loading 157 CA(s) from :otp store

18:33:17.474 [notice] Application next_ls exited: NextLS.Application.start(:normal, []) returned an error: shutdown: failed to start child: NextLS.LSPSupervisor
    ** (EXIT) shutdown: failed to start child: NextLS
        ** (EXIT) an exception was raised:
            ** (ErlangError) Erlang error: :enoent
                (elixir 1.17.3) lib/system.ex:1114: System.cmd("elixir", ["--short-version"], [])
                (next_ls 0.23.3) lib/next_ls.ex:47: NextLS.init/2
                (gen_lsp 0.10.0) lib/gen_lsp.ex:201: GenLSP.init/1
                (stdlib 6.2) proc_lib.erl:329: :proc_lib.init_p_do_apply/3

18:33:19.396 [info] Loading 157 CA(s) from :otp store

18:33:19.419 [notice] Application next_ls exited: NextLS.Application.start(:normal, []) returned an error: shutdown: failed to start child: NextLS.LSPSupervisor
    ** (EXIT) shutdown: failed to start child: NextLS
        ** (EXIT) an exception was raised:
            ** (ErlangError) Erlang error: :enoent
                (elixir 1.17.3) lib/system.ex:1114: System.cmd("elixir", ["--short-version"], [])
                (next_ls 0.23.3) lib/next_ls.ex:47: NextLS.init/2
                (gen_lsp 0.10.0) lib/gen_lsp.ex:201: GenLSP.init/1
                (stdlib 6.2) proc_lib.erl:329: :proc_lib.init_p_do_apply/3

18:33:21.339 [info] Loading 157 CA(s) from :otp store

18:33:21.362 [notice] Application next_ls exited: NextLS.Application.start(:normal, []) returned an error: shutdown: failed to start child: NextLS.LSPSupervisor
    ** (EXIT) shutdown: failed to start child: NextLS
        ** (EXIT) an exception was raised:
            ** (ErlangError) Erlang error: :enoent
                (elixir 1.17.3) lib/system.ex:1114: System.cmd("elixir", ["--short-version"], [])
                (next_ls 0.23.3) lib/next_ls.ex:47: NextLS.init/2
                (gen_lsp 0.10.0) lib/gen_lsp.ex:201: GenLSP.init/1
                (stdlib 6.2) proc_lib.erl:329: :proc_lib.init_p_do_apply/3
